# JRE version: OpenJDK Runtime Environment (8.0_152-b01) (build 1.8.0_152-release-1343-b01)
# Java VM: OpenJDK 64-Bit Server VM (25.152-b01 mixed mode windows-amd64 compressed oops)
Heap:
 PSYoungGen      total 111104K, used 7500K [0x00000000e0000000, 0x00000000e9880000, 0x0000000100000000)
  eden space 96768K, 0% used [0x00000000e0000000,0x00000000e0000000,0x00000000e5e80000)
  from space 14336K, 52% used [0x00000000e8a80000,0x00000000e91d32f0,0x00000000e9880000)
  to   space 12288K, 0% used [0x00000000e5e80000,0x00000000e5e80000,0x00000000e6a80000)
 ParOldGen       total 190976K, used 17965K [0x00000000a0000000, 0x00000000aba80000, 0x00000000e0000000)
  object space 190976K, 9% used [0x00000000a0000000,0x00000000a118b4e0,0x00000000aba80000)
 Metaspace       used 44602K, capacity 45534K, committed 45736K, reserved 1093632K
  class space    used 6006K, capacity 6248K, committed 6312K, reserved 1048576K
GC Heap History (10 events):
Event: 6.025 GC heap after
Heap after GC invocations=5 (full 1):
 PSYoungGen      total 75776K, used 7716K [0x00000000e0000000, 0x00000000e7380000, 0x0000000100000000)
  eden space 65024K, 0% used [0x00000000e0000000,0x00000000e0000000,0x00000000e3f80000)
  from space 10752K, 71% used [0x00000000e4a00000,0x00000000e51893a0,0x00000000e5480000)
  to   space 10752K, 0% used [0x00000000e3f80000,0x00000000e3f80000,0x00000000e4a00000)
 ParOldGen       total 116224K, used 11157K [0x00000000a0000000, 0x00000000a7180000, 0x00000000e0000000)
  object space 116224K, 9% used [0x00000000a0000000,0x00000000a0ae56c0,0x00000000a7180000)
 Metaspace       used 28622K, capacity 29182K, committed 29440K, reserved 1075200K
  class space    used 3851K, capacity 4038K, committed 4096K, reserved 1048576K
}
Event: 6.832 GC heap before
{Heap before GC invocations=6 (full 1):
 PSYoungGen      total 75776K, used 72740K [0x00000000e0000000, 0x00000000e7380000, 0x0000000100000000)
  eden space 65024K, 100% used [0x00000000e0000000,0x00000000e3f80000,0x00000000e3f80000)
  from space 10752K, 71% used [0x00000000e4a00000,0x00000000e51893a0,0x00000000e5480000)
  to   space 10752K, 0% used [0x00000000e3f80000,0x00000000e3f80000,0x00000000e4a00000)
 ParOldGen       total 116224K, used 11157K [0x00000000a0000000, 0x00000000a7180000, 0x00000000e0000000)
  object space 116224K, 9% used [0x00000000a0000000,0x00000000a0ae56c0,0x00000000a7180000)
 Metaspace       used 32042K, capacity 32576K, committed 32768K, reserved 1077248K
  class space    used 4406K, capacity 4590K, committed 4608K, reserved 1048576K
Event: 6.840 GC heap after
Heap after GC invocations=6 (full 1):
 PSYoungGen      total 75776K, used 8658K [0x00000000e0000000, 0x00000000e7700000, 0x0000000100000000)
  eden space 65024K, 0% used [0x00000000e0000000,0x00000000e0000000,0x00000000e3f80000)
  from space 10752K, 80% used [0x00000000e3f80000,0x00000000e47f48e0,0x00000000e4a00000)
  to   space 12800K, 0% used [0x00000000e6a80000,0x00000000e6a80000,0x00000000e7700000)
 ParOldGen       total 116224K, used 11165K [0x00000000a0000000, 0x00000000a7180000, 0x00000000e0000000)
  object space 116224K, 9% used [0x00000000a0000000,0x00000000a0ae76c0,0x00000000a7180000)
 Metaspace       used 32042K, capacity 32576K, committed 32768K, reserved 1077248K
  class space    used 4406K, capacity 4590K, committed 4608K, reserved 1048576K
}
Event: 7.806 GC heap before
{Heap before GC invocations=7 (full 1):
 PSYoungGen      total 75776K, used 56306K [0x00000000e0000000, 0x00000000e7700000, 0x0000000100000000)
  eden space 65024K, 73% used [0x00000000e0000000,0x00000000e2e880d0,0x00000000e3f80000)
  from space 10752K, 80% used [0x00000000e3f80000,0x00000000e47f48e0,0x00000000e4a00000)
  to   space 12800K, 0% used [0x00000000e6a80000,0x00000000e6a80000,0x00000000e7700000)
 ParOldGen       total 116224K, used 11165K [0x00000000a0000000, 0x00000000a7180000, 0x00000000e0000000)
  object space 116224K, 9% used [0x00000000a0000000,0x00000000a0ae76c0,0x00000000a7180000)
 Metaspace       used 34684K, capacity 35422K, committed 35496K, reserved 1079296K
  class space    used 4782K, capacity 5000K, committed 5032K, reserved 1048576K
Event: 7.824 GC heap after
Heap after GC invocations=7 (full 1):
 PSYoungGen      total 109568K, used 9766K [0x00000000e0000000, 0x00000000e7900000, 0x0000000100000000)
  eden space 96768K, 0% used [0x00000000e0000000,0x00000000e0000000,0x00000000e5e80000)
  from space 12800K, 76% used [0x00000000e6a80000,0x00000000e7409be0,0x00000000e7700000)
  to   space 12288K, 0% used [0x00000000e5e80000,0x00000000e5e80000,0x00000000e6a80000)
 ParOldGen       total 116224K, used 11173K [0x00000000a0000000, 0x00000000a7180000, 0x00000000e0000000)
  object space 116224K, 9% used [0x00000000a0000000,0x00000000a0ae96c0,0x00000000a7180000)
 Metaspace       used 34684K, capacity 35422K, committed 35496K, reserved 1079296K
  class space    used 4782K, capacity 5000K, committed 5032K, reserved 1048576K
}
Event: 7.824 GC heap before
{Heap before GC invocations=8 (full 2):
 PSYoungGen      total 109568K, used 9766K [0x00000000e0000000, 0x00000000e7900000, 0x0000000100000000)
  eden space 96768K, 0% used [0x00000000e0000000,0x00000000e0000000,0x00000000e5e80000)
  from space 12800K, 76% used [0x00000000e6a80000,0x00000000e7409be0,0x00000000e7700000)
  to   space 12288K, 0% used [0x00000000e5e80000,0x00000000e5e80000,0x00000000e6a80000)
 ParOldGen       total 116224K, used 11173K [0x00000000a0000000, 0x00000000a7180000, 0x00000000e0000000)
  object space 116224K, 9% used [0x00000000a0000000,0x00000000a0ae96c0,0x00000000a7180000)
 Metaspace       used 34684K, capacity 35422K, committed 35496K, reserved 1079296K
  class space    used 4782K, capacity 5000K, committed 5032K, reserved 1048576K
Event: 7.940 GC heap after
Heap after GC invocations=8 (full 2):
 PSYoungGen      total 109568K, used 0K [0x00000000e0000000, 0x00000000e7900000, 0x0000000100000000)
  eden space 96768K, 0% used [0x00000000e0000000,0x00000000e0000000,0x00000000e5e80000)
  from space 12800K, 0% used [0x00000000e6a80000,0x00000000e6a80000,0x00000000e7700000)
  to   space 12288K, 0% used [0x00000000e5e80000,0x00000000e5e80000,0x00000000e6a80000)
 ParOldGen       total 190976K, used 16843K [0x00000000a0000000, 0x00000000aba80000, 0x00000000e0000000)
  object space 190976K, 8% used [0x00000000a0000000,0x00000000a1072ca8,0x00000000aba80000)
 Metaspace       used 34660K, capacity 35344K, committed 35496K, reserved 1079296K
  class space    used 4775K, capacity 4987K, committed 5032K, reserved 1048576K
}
Event: 9.518 GC heap before
{Heap before GC invocations=9 (full 2):
 PSYoungGen      total 109568K, used 96768K [0x00000000e0000000, 0x00000000e7900000, 0x0000000100000000)
  eden space 96768K, 100% used [0x00000000e0000000,0x00000000e5e80000,0x00000000e5e80000)
  from space 12800K, 0% used [0x00000000e6a80000,0x00000000e6a80000,0x00000000e7700000)
  to   space 12288K, 0% used [0x00000000e5e80000,0x00000000e5e80000,0x00000000e6a80000)
 ParOldGen       total 190976K, used 16843K [0x00000000a0000000, 0x00000000aba80000, 0x00000000e0000000)
  object space 190976K, 8% used [0x00000000a0000000,0x00000000a1072ca8,0x00000000aba80000)
 Metaspace       used 44300K, capacity 45296K, committed 45480K, reserved 1089536K
  class space    used 5953K, capacity 6212K, committed 6312K, reserved 1048576K
Event: 9.532 GC heap after
Heap after GC invocations=9 (full 2):
 PSYoungGen      total 109056K, used 12259K [0x00000000e0000000, 0x00000000e9880000, 0x0000000100000000)
  eden space 96768K, 0% used [0x00000000e0000000,0x00000000e0000000,0x00000000e5e80000)
  from space 12288K, 99% used [0x00000000e5e80000,0x00000000e6a78e98,0x00000000e6a80000)
  to   space 14336K, 0% used [0x00000000e8a80000,0x00000000e8a80000,0x00000000e9880000)
 ParOldGen       total 190976K, used 17965K [0x00000000a0000000, 0x00000000aba80000, 0x00000000e0000000)
  object space 190976K, 9% used [0x00000000a0000000,0x00000000a118b4e0,0x00000000aba80000)
 Metaspace       used 44300K, capacity 45296K, committed 45480K, reserved 1089536K
  class space    used 5953K, capacity 6212K, committed 6312K, reserved 1048576K
}
Event: 9.642 GC heap before
{Heap before GC invocations=10 (full 2):
 PSYoungGen      total 109056K, used 22883K [0x00000000e0000000, 0x00000000e9880000, 0x0000000100000000)
  eden space 96768K, 10% used [0x00000000e0000000,0x00000000e0a5fee0,0x00000000e5e80000)
  from space 12288K, 99% used [0x00000000e5e80000,0x00000000e6a78e98,0x00000000e6a80000)
  to   space 14336K, 0% used [0x00000000e8a80000,0x00000000e8a80000,0x00000000e9880000)
 ParOldGen       total 190976K, used 17965K [0x00000000a0000000, 0x00000000aba80000, 0x00000000e0000000)
  object space 190976K, 9% used [0x00000000a0000000,0x00000000a118b4e0,0x00000000aba80000)
 Metaspace       used 44602K, capacity 45534K, committed 45736K, reserved 1093632K
  class space    used 6006K, capacity 6248K, committed 6312K, reserved 1048576K

