# JRE version: OpenJDK Runtime Environment (8.0_152-b01) (build 1.8.0_152-release-1248-b01)
# Java VM: OpenJDK 64-Bit Server VM (25.152-b01 mixed mode windows-amd64 compressed oops)
Heap:
 PSYoungGen      total 126464K, used 121570K [0x00000000e0000000, 0x00000000e9a80000, 0x0000000100000000)
  eden space 108032K, 95% used [0x00000000e0000000,0x00000000e64d1da0,0x00000000e6980000)
  from space 18432K, 99% used [0x00000000e6b00000,0x00000000e7ce6b18,0x00000000e7d00000)
  to   space 25088K, 0% used [0x00000000e8200000,0x00000000e8200000,0x00000000e9a80000)
 ParOldGen       total 296960K, used 38261K [0x00000000a0000000, 0x00000000b2200000, 0x00000000e0000000)
  object space 296960K, 12% used [0x00000000a0000000,0x00000000a255d6b8,0x00000000b2200000)
 Metaspace       used 89944K, capacity 94552K, committed 94896K, reserved 1132544K
  class space    used 11511K, capacity 12403K, committed 12464K, reserved 1048576K
GC Heap History (10 events):
Event: 4033.859 GC heap before
{Heap before GC invocations=22 (full 3):
 PSYoungGen      total 138752K, used 129276K [0x00000000e0000000, 0x00000000ea300000, 0x0000000100000000)
  eden space 115712K, 99% used [0x00000000e0000000,0x00000000e7042ab0,0x00000000e7100000)
  from space 23040K, 62% used [0x00000000e8c80000,0x00000000e9a7c6a0,0x00000000ea300000)
  to   space 25600K, 0% used [0x00000000e7100000,0x00000000e7100000,0x00000000e8a00000)
 ParOldGen       total 296960K, used 38221K [0x00000000a0000000, 0x00000000b2200000, 0x00000000e0000000)
  object space 296960K, 12% used [0x00000000a0000000,0x00000000a25536b8,0x00000000b2200000)
 Metaspace       used 87494K, capacity 91464K, committed 91568K, reserved 1128448K
  class space    used 11330K, capacity 12149K, committed 12208K, reserved 1048576K
Event: 4033.876 GC heap after
Heap after GC invocations=22 (full 3):
 PSYoungGen      total 132608K, used 18192K [0x00000000e0000000, 0x00000000ea180000, 0x0000000100000000)
  eden space 114176K, 0% used [0x00000000e0000000,0x00000000e0000000,0x00000000e6f80000)
  from space 18432K, 98% used [0x00000000e7100000,0x00000000e82c40c0,0x00000000e8300000)
  to   space 25600K, 0% used [0x00000000e8880000,0x00000000e8880000,0x00000000ea180000)
 ParOldGen       total 296960K, used 38229K [0x00000000a0000000, 0x00000000b2200000, 0x00000000e0000000)
  object space 296960K, 12% used [0x00000000a0000000,0x00000000a25556b8,0x00000000b2200000)
 Metaspace       used 87494K, capacity 91464K, committed 91568K, reserved 1128448K
  class space    used 11330K, capacity 12149K, committed 12208K, reserved 1048576K
}
Event: 4063.978 GC heap before
{Heap before GC invocations=23 (full 3):
 PSYoungGen      total 132608K, used 132348K [0x00000000e0000000, 0x00000000ea180000, 0x0000000100000000)
  eden space 114176K, 99% used [0x00000000e0000000,0x00000000e6f7b0c8,0x00000000e6f80000)
  from space 18432K, 98% used [0x00000000e7100000,0x00000000e82c40c0,0x00000000e8300000)
  to   space 25600K, 0% used [0x00000000e8880000,0x00000000e8880000,0x00000000ea180000)
 ParOldGen       total 296960K, used 38229K [0x00000000a0000000, 0x00000000b2200000, 0x00000000e0000000)
  object space 296960K, 12% used [0x00000000a0000000,0x00000000a25556b8,0x00000000b2200000)
 Metaspace       used 87806K, capacity 91924K, committed 92080K, reserved 1128448K
  class space    used 11349K, capacity 12183K, committed 12208K, reserved 1048576K
Event: 4063.998 GC heap after
Heap after GC invocations=23 (full 3):
 PSYoungGen      total 136704K, used 17721K [0x00000000e0000000, 0x00000000ea000000, 0x0000000100000000)
  eden space 112640K, 0% used [0x00000000e0000000,0x00000000e0000000,0x00000000e6e00000)
  from space 24064K, 73% used [0x00000000e8880000,0x00000000e99ce530,0x00000000ea000000)
  to   space 25600K, 0% used [0x00000000e6e00000,0x00000000e6e00000,0x00000000e8700000)
 ParOldGen       total 296960K, used 38237K [0x00000000a0000000, 0x00000000b2200000, 0x00000000e0000000)
  object space 296960K, 12% used [0x00000000a0000000,0x00000000a25576b8,0x00000000b2200000)
 Metaspace       used 87806K, capacity 91924K, committed 92080K, reserved 1128448K
  class space    used 11349K, capacity 12183K, committed 12208K, reserved 1048576K
}
Event: 10868.059 GC heap before
{Heap before GC invocations=24 (full 3):
 PSYoungGen      total 136704K, used 130361K [0x00000000e0000000, 0x00000000ea000000, 0x0000000100000000)
  eden space 112640K, 100% used [0x00000000e0000000,0x00000000e6e00000,0x00000000e6e00000)
  from space 24064K, 73% used [0x00000000e8880000,0x00000000e99ce530,0x00000000ea000000)
  to   space 25600K, 0% used [0x00000000e6e00000,0x00000000e6e00000,0x00000000e8700000)
 ParOldGen       total 296960K, used 38237K [0x00000000a0000000, 0x00000000b2200000, 0x00000000e0000000)
  object space 296960K, 12% used [0x00000000a0000000,0x00000000a25576b8,0x00000000b2200000)
 Metaspace       used 88166K, capacity 92752K, committed 92976K, reserved 1130496K
  class space    used 11406K, capacity 12289K, committed 12336K, reserved 1048576K
Event: 10868.068 GC heap after
Heap after GC invocations=24 (full 3):
 PSYoungGen      total 122880K, used 11441K [0x00000000e0000000, 0x00000000e9d80000, 0x0000000100000000)
  eden space 111104K, 0% used [0x00000000e0000000,0x00000000e0000000,0x00000000e6c80000)
  from space 11776K, 97% used [0x00000000e6e00000,0x00000000e792c640,0x00000000e7980000)
  to   space 25088K, 0% used [0x00000000e8500000,0x00000000e8500000,0x00000000e9d80000)
 ParOldGen       total 296960K, used 38245K [0x00000000a0000000, 0x00000000b2200000, 0x00000000e0000000)
  object space 296960K, 12% used [0x00000000a0000000,0x00000000a25596b8,0x00000000b2200000)
 Metaspace       used 88166K, capacity 92752K, committed 92976K, reserved 1130496K
  class space    used 11406K, capacity 12289K, committed 12336K, reserved 1048576K
}
Event: 11269.119 GC heap before
{Heap before GC invocations=25 (full 3):
 PSYoungGen      total 122880K, used 122545K [0x00000000e0000000, 0x00000000e9d80000, 0x0000000100000000)
  eden space 111104K, 100% used [0x00000000e0000000,0x00000000e6c80000,0x00000000e6c80000)
  from space 11776K, 97% used [0x00000000e6e00000,0x00000000e792c640,0x00000000e7980000)
  to   space 25088K, 0% used [0x00000000e8500000,0x00000000e8500000,0x00000000e9d80000)
 ParOldGen       total 296960K, used 38245K [0x00000000a0000000, 0x00000000b2200000, 0x00000000e0000000)
  object space 296960K, 12% used [0x00000000a0000000,0x00000000a25596b8,0x00000000b2200000)
 Metaspace       used 89215K, capacity 93714K, committed 93872K, reserved 1130496K
  class space    used 11495K, capacity 12390K, committed 12464K, reserved 1048576K
Event: 11269.137 GC heap after
Heap after GC invocations=25 (full 3):
 PSYoungGen      total 133120K, used 17096K [0x00000000e0000000, 0x00000000e9c00000, 0x0000000100000000)
  eden space 109568K, 0% used [0x00000000e0000000,0x00000000e0000000,0x00000000e6b00000)
  from space 23552K, 72% used [0x00000000e8500000,0x00000000e95b2218,0x00000000e9c00000)
  to   space 25088K, 0% used [0x00000000e6b00000,0x00000000e6b00000,0x00000000e8380000)
 ParOldGen       total 296960K, used 38253K [0x00000000a0000000, 0x00000000b2200000, 0x00000000e0000000)
  object space 296960K, 12% used [0x00000000a0000000,0x00000000a255b6b8,0x00000000b2200000)
 Metaspace       used 89215K, capacity 93714K, committed 93872K, reserved 1130496K
  class space    used 11495K, capacity 12390K, committed 12464K, reserved 1048576K
}
Event: 11270.557 GC heap before
{Heap before GC invocations=26 (full 3):
 PSYoungGen      total 133120K, used 126590K [0x00000000e0000000, 0x00000000e9c00000, 0x0000000100000000)
  eden space 109568K, 99% used [0x00000000e0000000,0x00000000e6aed6c0,0x00000000e6b00000)
  from space 23552K, 72% used [0x00000000e8500000,0x00000000e95b2218,0x00000000e9c00000)
  to   space 25088K, 0% used [0x00000000e6b00000,0x00000000e6b00000,0x00000000e8380000)
 ParOldGen       total 296960K, used 38253K [0x00000000a0000000, 0x00000000b2200000, 0x00000000e0000000)
  object space 296960K, 12% used [0x00000000a0000000,0x00000000a255b6b8,0x00000000b2200000)
 Metaspace       used 89608K, capacity 94226K, committed 94384K, reserved 1130496K
  class space    used 11502K, capacity 12390K, committed 12464K, reserved 1048576K
Event: 11270.573 GC heap after
Heap after GC invocations=26 (full 3):
 PSYoungGen      total 126464K, used 18330K [0x00000000e0000000, 0x00000000e9a80000, 0x0000000100000000)
  eden space 108032K, 0% used [0x00000000e0000000,0x00000000e0000000,0x00000000e6980000)
  from space 18432K, 99% used [0x00000000e6b00000,0x00000000e7ce6b18,0x00000000e7d00000)
  to   space 25088K, 0% used [0x00000000e8200000,0x00000000e8200000,0x00000000e9a80000)
 ParOldGen       total 296960K, used 38261K [0x00000000a0000000, 0x00000000b2200000, 0x00000000e0000000)
  object space 296960K, 12% used [0x00000000a0000000,0x00000000a255d6b8,0x00000000b2200000)
 Metaspace       used 89608K, capacity 94226K, committed 94384K, reserved 1130496K
  class space    used 11502K, capacity 12390K, committed 12464K, reserved 1048576K
}

